<?xml version="1.0" encoding="UTF-8"?>
<testsuite xmlns:xsi="http://www.w3.org/2001/XMLSchema-instance" xsi:noNamespaceSchemaLocation="https://maven.apache.org/surefire/maven-surefire-plugin/xsd/surefire-test-report-3.0.xsd" version="3.0" name="testRunner.RunCucumberTest" time="294.796" tests="1" errors="0" skipped="0" failures="0">
  <properties>
[...]
</properties>
  <testcase name="As a user, I want to be able to rent a car" classname="Car rental" time="293.884">
    <system-out><![CDATA[
Scenario: As a user, I want to be able to rent a car                       &amp#27;[90m# features/rentCar.feature:3&amp#27;[0m
  &amp#27;[32mGiven &amp#27;[0m&amp#27;[32mtraveloka landing page&amp#27;[0m                                             &amp#27;[90m# stepDefinitions.RentCarSteps.traveloka_landing_page()&amp#27;[0m
  &amp#27;[32mWhen &amp#27;[0m&amp#27;[32muser go to car rental product&amp#27;[0m                                       &amp#27;[90m# stepDefinitions.RentCarSteps.user_go_to_car_rental_product()&amp#27;[0m
  &amp#27;[32mAnd &amp#27;[0m&amp#27;[32mselect Without Driver option&amp#27;[0m                                         &amp#27;[90m# stepDefinitions.RentCarSteps.select_Without_Driver_option()&amp#27;[0m
  &amp#27;[32mAnd &amp#27;[0m&amp#27;[32menter rental location with Tangerang&amp#27;[0m                                 &amp#27;[90m# stepDefinitions.RentCarSteps.enter_rental_location_with_Tangerang()&amp#27;[0m
  &amp#27;[32mAnd &amp#27;[0m&amp#27;[32mselect rental start date and time&amp#27;[0m                                    &amp#27;[90m# stepDefinitions.RentCarSteps.select_rental_start_date_and_time()&amp#27;[0m
  &amp#27;[32mAnd &amp#27;[0m&amp#27;[32mselect rental end date and time&amp#27;[0m                                      &amp#27;[90m# stepDefinitions.RentCarSteps.select_rental_end_date_and_time()&amp#27;[0m
  &amp#27;[32mAnd &amp#27;[0m&amp#27;[32mclick search icon button&amp#27;[0m                                             &amp#27;[90m# stepDefinitions.RentCarSteps.click_search_icon_button()&amp#27;[0m
  &amp#27;[32mThen &amp#27;[0m&amp#27;[32mpage move to car selection&amp#27;[0m                                          &amp#27;[90m# stepDefinitions.RentCarSteps.page_move_to_car_selection()&amp#27;[0m
  &amp#27;[32mWhen &amp#27;[0m&amp#27;[32muser sort by highest price&amp#27;[0m                                          &amp#27;[90m# stepDefinitions.RentCarSteps.user_sort_by_highest_price()&amp#27;[0m
  &amp#27;[32mAnd &amp#27;[0m&amp#27;[32mselect the most expensive car&amp#27;[0m                                        &amp#27;[90m# stepDefinitions.RentCarSteps.select_the_most_expensive_car()&amp#27;[0m
  &amp#27;[32mAnd &amp#27;[0m&amp#27;[32mselect rental provider&amp#27;[0m                                               &amp#27;[90m# stepDefinitions.RentCarSteps.select_rental_provider()&amp#27;[0m
  &amp#27;[32mAnd &amp#27;[0m&amp#27;[32mchoose pick up location at rental office&amp#27;[0m                             &amp#27;[90m# stepDefinitions.RentCarSteps.choose_pick_up_location_at_rental_office()&amp#27;[0m
  &amp#27;[32mAnd &amp#27;[0m&amp#27;[32mdrop off location at Soekarno Hatta airport&amp#27;[0m                          &amp#27;[90m# stepDefinitions.RentCarSteps.drop_off_location_at_Soekarno_Hatta_airport()&amp#27;[0m
  &amp#27;[32mAnd &amp#27;[0m&amp#27;[32mfill note with &amp#27;[0m&amp#27;[32m&amp#27;[1m"This note is filled by Selenium WebDriver with Java"&amp#27;[0m &amp#27;[90m# stepDefinitions.RentCarSteps.fill_note_with(java.lang.String)&amp#27;[0m
  &amp#27;[32mAnd &amp#27;[0m&amp#27;[32mclick continue&amp#27;[0m                                                       &amp#27;[90m# stepDefinitions.RentCarSteps.click_continue()&amp#27;[0m
  &amp#27;[32mThen &amp#27;[0m&amp#27;[32mpage move to Your Booking&amp#27;[0m                                           &amp#27;[90m# stepDefinitions.RentCarSteps.page_move_to_Your_Booking()&amp#27;[0m
  &amp#27;[32mWhen &amp#27;[0m&amp#27;[32muser fill contact name&amp#27;[0m                                              &amp#27;[90m# stepDefinitions.RentCarSteps.user_fill_contact_name()&amp#27;[0m
  &amp#27;[32mAnd &amp#27;[0m&amp#27;[32mfill contact number&amp#27;[0m                                                  &amp#27;[90m# stepDefinitions.RentCarSteps.fill_contact_number()&amp#27;[0m
  &amp#27;[32mAnd &amp#27;[0m&amp#27;[32mfill contact email&amp#27;[0m                                                   &amp#27;[90m# stepDefinitions.RentCarSteps.fill_contact_email()&amp#27;[0m
  &amp#27;[32mAnd &amp#27;[0m&amp#27;[32mselect driver title&amp#27;[0m                                                  &amp#27;[90m# stepDefinitions.RentCarSteps.select_driver_title()&amp#27;[0m
  &amp#27;[32mAnd &amp#27;[0m&amp#27;[32mfill driver name&amp#27;[0m                                                     &amp#27;[90m# stepDefinitions.RentCarSteps.fill_driver_name()&amp#27;[0m
  &amp#27;[32mAnd &amp#27;[0m&amp#27;[32mfill driver number&amp#27;[0m                                                   &amp#27;[90m# stepDefinitions.RentCarSteps.fill_driver_number()&amp#27;[0m
  &amp#27;[32mAnd &amp#27;[0m&amp#27;[32mclick continue again&amp#27;[0m                                                 &amp#27;[90m# stepDefinitions.RentCarSteps.click_continue_again()&amp#27;[0m
  &amp#27;[32mThen &amp#27;[0m&amp#27;[32muser fill special request&amp#27;[0m                                           &amp#27;[90m# stepDefinitions.RentCarSteps.user_fill_special_request()&amp#27;[0m
  &amp#27;[32mWhen &amp#27;[0m&amp#27;[32muser check all requirements&amp#27;[0m                                         &amp#27;[90m# stepDefinitions.RentCarSteps.user_check_all_requirements()&amp#27;[0m
  &amp#27;[32mAnd &amp#27;[0m&amp#27;[32mcontinue to payment&amp#27;[0m                                                  &amp#27;[90m# stepDefinitions.RentCarSteps.continue_to_payment()&amp#27;[0m
  &amp#27;[32mAnd &amp#27;[0m&amp#27;[32mselect payment method&amp#27;[0m                                                &amp#27;[90m# stepDefinitions.RentCarSteps.select_payment_method()&amp#27;[0m
  &amp#27;[32mThen &amp#27;[0m&amp#27;[32muser proceed to pay&amp#27;[0m                                                 &amp#27;[90m# stepDefinitions.RentCarSteps.user_proceed_to_pay()&amp#27;[0m
]]></system-out>
    <system-err><![CDATA[Apr 23, 2024 6:35:21 PM org.openqa.selenium.devtools.CdpVersionFinder findNearestMatch
WARNING: Unable to find an exact match for CDP version 124, returning the closest version; found: 123; Please update to a Selenium version that supports CDP version 124
Apr 23, 2024 6:40:08 PM org.openqa.selenium.remote.http.WebSocket$Listener onError
WARNING: Connection reset
java.net.SocketException: Connection reset
	at java.base/sun.nio.ch.SocketChannelImpl.throwConnectionReset(SocketChannelImpl.java:401)
	at java.base/sun.nio.ch.SocketChannelImpl.read(SocketChannelImpl.java:434)
	at java.net.http/jdk.internal.net.http.SocketTube.readAvailable(SocketTube.java:1178)
	at java.net.http/jdk.internal.net.http.SocketTube$InternalReadPublisher$InternalReadSubscription.read(SocketTube.java:841)
	at java.net.http/jdk.internal.net.http.SocketTube$SocketFlowTask.run(SocketTube.java:181)
	at java.net.http/jdk.internal.net.http.common.SequentialScheduler$SchedulableTask.run(SequentialScheduler.java:207)
	at java.net.http/jdk.internal.net.http.common.SequentialScheduler.runOrSchedule(SequentialScheduler.java:280)
	at java.net.http/jdk.internal.net.http.common.SequentialScheduler.runOrSchedule(SequentialScheduler.java:233)
	at java.net.http/jdk.internal.net.http.SocketTube$InternalReadPublisher$InternalReadSubscription.signalReadable(SocketTube.java:782)
	at java.net.http/jdk.internal.net.http.SocketTube$InternalReadPublisher$ReadEvent.signalEvent(SocketTube.java:965)
	at java.net.http/jdk.internal.net.http.SocketTube$SocketFlowEvent.handle(SocketTube.java:253)
	at java.net.http/jdk.internal.net.http.HttpClientImpl$SelectorManager.handleEvent(HttpClientImpl.java:1467)
	at java.net.http/jdk.internal.net.http.HttpClientImpl$SelectorManager.lambda$run$3(HttpClientImpl.java:1412)
	at java.base/java.util.ArrayList.forEach(ArrayList.java:1596)
	at java.net.http/jdk.internal.net.http.HttpClientImpl$SelectorManager.run(HttpClientImpl.java:1412)

]]></system-err>
  </testcase>
</testsuite>